<?xml version="1.0" encoding="UTF-8"?>
<!-- Generated by org.testng.reporters.JUnitReportReporter -->
<testsuite hostname="DESKTOP-HV3UBSC" failures="0" tests="1" name="com.ms.utilities.test" time="0.018" errors="0" timestamp="2021-04-30T00:42:10 IST" skipped="0">
  <testcase classname="com.ms.utilities.test" name="m" time="0.018"/>
  <system-out/>
</testsuite> <!-- com.ms.utilities.test -->
