<?xml version="1.0" encoding="UTF-8"?>
<!-- Generated by org.testng.reporters.JUnitReportReporter -->
<testsuite hostname="DESKTOP-HV3UBSC" failures="0" tests="1" name="com.ms.utilities.MSRunner" time="0.015" errors="1" timestamp="2021-05-14T00:14:22 IST" skipped="0">
  <testcase classname="com.ms.utilities.MSRunner" name="runScenario" time="0.015">
    <error/>
  </testcase> <!-- runScenario -->
  <system-out>
<div "result">I want to launch the facebook in firefox browser (SKIPPED)</div> <div "result">I want to authenticate with valid credentails (SKIPPED)</div> <div "result">I want to verify whether user navigated to home page or not (SKIPPED)</div>  </system-out>
</testsuite> <!-- com.ms.utilities.MSRunner -->
