<?xml version="1.0" encoding="UTF-8"?>
<!-- Generated by org.testng.reporters.JUnitReportReporter -->
<testsuite hostname="DESKTOP-HV3UBSC" failures="0" tests="1" name="com.ms.utilities.MSRunner" time="0.101" errors="1" timestamp="16 Apr 2021 18:25:05 GMT" skipped="0">
  <testcase classname="com.ms.utilities.MSRunner" name="runScenario" time="0.101">
    <error/>
  </testcase> <!-- runScenario -->
</testsuite> <!-- com.ms.utilities.MSRunner -->
