<?xml version="1.0" encoding="UTF-8"?>
<!-- Generated by org.testng.reporters.JUnitReportReporter -->
<testsuite skipped="0" hostname="Swapnil" name="com.ms.utilities.MSRunner" tests="1" failures="0" timestamp="07 Oct 2020 18:35:26 GMT" time="0.047" errors="1">
  <testcase name="runScenario" time="0.047" classname="com.ms.utilities.MSRunner">
    <error/>
  </testcase> <!-- runScenario -->
</testsuite> <!-- com.ms.utilities.MSRunner -->
